<?xml version="1.0" encoding="UTF-8"?>
<!-- Generated by org.testng.reporters.JUnitXMLReporter -->
<testsuite ignored="0" hostname="DESKTOP-KS5C8KQ" failures="1" tests="1" name="Test" time="1.198" errors="0" timestamp="2023-06-06T15:27:08 IST">
  <testcase classname="selenium.day10.excel.TestDataUsingExcel" name="addmethod" time="1.143">
    <failure type="org.testng.internal.reflect.MethodMatcherException" message="
[public void selenium.day10.excel.TestDataUsingExcel.addmethod(double,double)] has no parameters defined but was found to be using a data provider (either explicitly specified or inherited from class level annotation).
Data provider mismatch
Method: addmethod([Parameter{index=0, type=double, declaredAnnotations=[]}, Parameter{index=1, type=double, declaredAnnotations=[]}])
Arguments: [null,null]">
      <![CDATA[org.testng.internal.reflect.MethodMatcherException: 
[public void selenium.day10.excel.TestDataUsingExcel.addmethod(double,double)] has no parameters defined but was found to be using a data provider (either explicitly specified or inherited from class level annotation).
Data provider mismatch
Method: addmethod([Parameter{index=0, type=double, declaredAnnotations=[]}, Parameter{index=1, type=double, declaredAnnotations=[]}])
Arguments: [null,null]
at java.base/java.util.ArrayList.forEach(ArrayList.java:1511)
... Removed 22 stack frames]]>
    </failure>
  </testcase> <!-- addmethod -->
</testsuite> <!-- Test -->
