<?xml version="1.0" encoding="UTF-8"?>
<testng-results total="2" passed="2" failed="0" skipped="0">
  <reporter-output>
  </reporter-output>
  <suite started-at="2023-06-03T10:14:48Z" name="Default suite" finished-at="2023-06-03T10:15:10Z" duration-ms="22043">
    <groups>
    </groups>
    <test started-at="2023-06-03T10:14:48Z" name="Default test" finished-at="2023-06-03T10:15:10Z" duration-ms="22043">
      <class name="selenium.day7.question4">
        <test-method is-config="true" signature="beforeMethod()[pri:0, instance:selenium.day7.question4@6c4980d3]" started-at="2023-06-03T15:44:48Z" name="beforeMethod" finished-at="2023-06-03T15:44:59Z" duration-ms="11265" status="PASS">
          <reporter-output>
          </reporter-output>
        </test-method> <!-- beforeMethod -->
        <test-method signature="Login()[pri:0, instance:selenium.day7.question4@6c4980d3]" started-at="2023-06-03T15:44:59Z" name="Login" finished-at="2023-06-03T15:45:06Z" duration-ms="6461" status="PASS">
          <reporter-output>
          </reporter-output>
        </test-method> <!-- Login -->
        <test-method signature="Logout()[pri:0, instance:selenium.day7.question4@6c4980d3]" started-at="2023-06-03T15:45:06Z" name="Logout" finished-at="2023-06-03T15:45:10Z" depends-on-methods="selenium.day7.question4.Login" duration-ms="4304" status="PASS">
          <reporter-output>
          </reporter-output>
        </test-method> <!-- Logout -->
      </class> <!-- selenium.day7.question4 -->
    </test> <!-- Default test -->
  </suite> <!-- Default suite -->
</testng-results>
