<?xml version="1.0" encoding="UTF-8"?>
<!-- Generated by org.testng.reporters.JUnitXMLReporter -->
<testsuite hostname="DESKTOP-KS5C8KQ" failures="1" tests="1" name="Test" time="0.026" errors="0" timestamp="5 Jun 2023 10:19:05 GMT">
  <testcase classname="selenium.day9.Question5" name="test01" time="0.011">
    <failure type="java.lang.AssertionError" message="expected [false] but found [true]">
      <![CDATA[java.lang.AssertionError: expected [false] but found [true]
	at selenium.day9.Question5.test01(Question5.java:10)
... Removed 30 stack frames]]>
    </failure>
  </testcase> <!-- test01 -->
</testsuite> <!-- Test -->
